<html>
<head>
<title>TestNG:  Default test</title>
<link href="../testng.css" rel="stylesheet" type="text/css" />
<link href="../my-testng.css" rel="stylesheet" type="text/css" />

<style type="text/css">
.log { display: none;} 
.stack-trace { display: none;} 
</style>
<script type="text/javascript">
<!--
function flip(e) {
  current = e.style.display;
  if (current == 'block') {
    e.style.display = 'none';
    return 0;
  }
  else {
    e.style.display = 'block';
    return 1;
  }
}

function toggleBox(szDivId, elem, msg1, msg2)
{
  var res = -1;  if (document.getElementById) {
    res = flip(document.getElementById(szDivId));
  }
  else if (document.all) {
    // this is the way old msie versions work
    res = flip(document.all[szDivId]);
  }
  if(elem) {
    if(res == 0) elem.innerHTML = msg1; else elem.innerHTML = msg2;
  }

}

function toggleAllBoxes() {
  if (document.getElementsByTagName) {
    d = document.getElementsByTagName('div');
    for (i = 0; i < d.length; i++) {
      if (d[i].className == 'log') {
        flip(d[i]);
      }
    }
  }
}

// -->
</script>

</head>
<body>
<h2 align='center'>Default test</h2><table border='1' align="center">
<tr>
<td>Tests passed/Failed/Skipped:</td><td>14/1/0</td>
</tr><tr>
<td>Started on:</td><td>Sun Jan 27 20:11:08 MST 2019</td>
</tr>
<tr><td>Total time:</td><td>138 seconds (138160 ms)</td>
</tr><tr>
<td>Included groups:</td><td></td>
</tr><tr>
<td>Excluded groups:</td><td></td>
</tr>
</table><p/>
<small><i>(Hover the method name to see the test class name)</i></small><p/>
<table width='100%' border='1' class='invocation-failed'>
<tr><td colspan='4' align='center'><b>FAILED TESTS</b></td></tr>
<tr><td><b>Test method</b></td>
<td width="30%"><b>Exception</b></td>
<td width="10%"><b>Time (seconds)</b></td>
<td><b>Instance</b></td>
</tr>
<tr>
<td title='com.qa.testcases.SanityBrokerTest.verifyGoToMyADRPage()'><b>verifyGoToMyADRPage</b><br>Test class: com.qa.testcases.SanityBrokerTest</td>
<td><div><pre>org.openqa.selenium.ElementNotVisibleException: element not visible
  (Session info: chrome=71.0.3578.98)
  (Driver info: chromedriver=2.36.540470 (e522d04694c7ebea4ba8821272dbef4f9b818c91),platform=Windows NT 10.0.17134 x86_64) (WARNING: The server did not provide any stacktrace information)
Command duration or timeout: 0 milliseconds
Build info: version: &apos;3.141.59&apos;, revision: &apos;e82be7d358&apos;, time: &apos;2018-11-14T08:17:03&apos;
System info: host: &apos;VENTIVE&apos;, ip: &apos;192.168.1.13&apos;, os.name: &apos;Windows 10&apos;, os.arch: &apos;amd64&apos;, os.version: &apos;10.0&apos;, java.version: &apos;1.8.0_191&apos;
Driver info: org.openqa.selenium.chrome.ChromeDriver
Capabilities {acceptInsecureCerts: false, acceptSslCerts: false, applicationCacheEnabled: false, browserConnectionEnabled: false, browserName: chrome, chrome: {chromedriverVersion: 2.36.540470 (e522d04694c7eb..., userDataDir: C:\Users\jayge\AppData\Loca...}, cssSelectorsEnabled: true, databaseEnabled: false, handlesAlerts: true, hasTouchScreen: false, javascriptEnabled: true, locationContextEnabled: true, mobileEmulationEnabled: false, nativeEvents: true, networkConnectionEnabled: false, pageLoadStrategy: normal, platform: XP, platformName: XP, rotatable: false, setWindowRect: true, takesHeapSnapshot: true, takesScreenshot: true, unexpectedAlertBehaviour: , unhandledPromptBehavior: , version: 71.0.3578.98, webStorageEnabled: true}
Session ID: dc21b856322edec716795df4299fd80c
	at sun.reflect.NativeConstructorAccessorImpl.newInstance0(Native Method)
	at sun.reflect.NativeConstructorAccessorImpl.newInstance(NativeConstructorAccessorImpl.java:62)
	at sun.reflect.DelegatingConstructorAccessorImpl.newInstance(DelegatingConstructorAccessorImpl.java:45)
	at java.lang.reflect.Constructor.newInstance(Constructor.java:423)
	at org.openqa.selenium.remote.ErrorHandler.createThrowable(ErrorHandler.java:214)
	at org.openqa.selenium.remote.ErrorHandler.throwIfResponseFailed(ErrorHandler.java:166)
	at org.openqa.selenium.remote.http.JsonHttpResponseCodec.reconstructValue(JsonHttpResponseCodec.java:40)
	at org.openqa.selenium.remote.http.AbstractHttpResponseCodec.decode(AbstractHttpResponseCodec.java:80)
	at org.openqa.selenium.remote.http.AbstractHttpResponseCodec.decode(AbstractHttpResponseCodec.java:44)
	at org.openqa.selenium.remote.HttpCommandExecutor.execute(HttpCommandExecutor.java:158)
	at org.openqa.selenium.remote.service.DriverCommandExecutor.execute(DriverCommandExecutor.java:83)
	at org.openqa.selenium.remote.RemoteWebDriver.execute(RemoteWebDriver.java:552)
	at org.openqa.selenium.remote.RemoteWebElement.execute(RemoteWebElement.java:285)
	at org.openqa.selenium.remote.RemoteWebElement.click(RemoteWebElement.java:84)
	at com.qa.pages.HomePage.goToMyADRPage(HomePage.java:56)
	at com.qa.testcases.SanityBrokerTest.verifyGoToMyADRPage(SanityBrokerTest.java:96)
	at sun.reflect.NativeMethodAccessorImpl.invoke0(Native Method)
	at sun.reflect.NativeMethodAccessorImpl.invoke(NativeMethodAccessorImpl.java:62)
	at sun.reflect.DelegatingMethodAccessorImpl.invoke(DelegatingMethodAccessorImpl.java:43)
	at java.lang.reflect.Method.invoke(Method.java:498)
	at org.testng.internal.MethodInvocationHelper.invokeMethod(MethodInvocationHelper.java:80)
	at org.testng.internal.Invoker.invokeMethod(Invoker.java:714)
	at org.testng.internal.Invoker.invokeTestMethod(Invoker.java:901)
	at org.testng.internal.Invoker.invokeTestMethods(Invoker.java:1231)
	at org.testng.internal.TestMethodWorker.invokeTestMethods(TestMethodWorker.java:127)
	at org.testng.internal.TestMethodWorker.run(TestMethodWorker.java:111)
	at org.testng.TestRunner.privateRun(TestRunner.java:767)
	at org.testng.TestRunner.run(TestRunner.java:617)
	at org.testng.SuiteRunner.runTest(SuiteRunner.java:334)
	at org.testng.SuiteRunner.runSequentially(SuiteRunner.java:329)
	at org.testng.SuiteRunner.privateRun(SuiteRunner.java:291)
	at org.testng.SuiteRunner.run(SuiteRunner.java:240)
	at org.testng.SuiteRunnerWorker.runSuite(SuiteRunnerWorker.java:52)
	at org.testng.SuiteRunnerWorker.run(SuiteRunnerWorker.java:86)
	at org.testng.TestNG.runSuitesSequentially(TestNG.java:1198)
	at org.testng.TestNG.runSuitesLocally(TestNG.java:1123)
	at org.testng.TestNG.run(TestNG.java:1031)
	at org.testng.remote.AbstractRemoteTestNG.run(AbstractRemoteTestNG.java:114)
	at org.testng.remote.RemoteTestNG.initAndRun(RemoteTestNG.java:251)
	at org.testng.remote.RemoteTestNG.main(RemoteTestNG.java:77)
</pre></div><a href='#' onClick='toggleBox("stack-trace1408279755", this, "Click to show all stack frames", "Click to hide stack frames")'>Click to show all stack frames</a>
<div class='stack-trace' id='stack-trace1408279755'><pre>org.openqa.selenium.ElementNotVisibleException: element not visible
  (Session info: chrome=71.0.3578.98)
  (Driver info: chromedriver=2.36.540470 (e522d04694c7ebea4ba8821272dbef4f9b818c91),platform=Windows NT 10.0.17134 x86_64) (WARNING: The server did not provide any stacktrace information)
Command duration or timeout: 0 milliseconds
Build info: version: &apos;3.141.59&apos;, revision: &apos;e82be7d358&apos;, time: &apos;2018-11-14T08:17:03&apos;
System info: host: &apos;VENTIVE&apos;, ip: &apos;192.168.1.13&apos;, os.name: &apos;Windows 10&apos;, os.arch: &apos;amd64&apos;, os.version: &apos;10.0&apos;, java.version: &apos;1.8.0_191&apos;
Driver info: org.openqa.selenium.chrome.ChromeDriver
Capabilities {acceptInsecureCerts: false, acceptSslCerts: false, applicationCacheEnabled: false, browserConnectionEnabled: false, browserName: chrome, chrome: {chromedriverVersion: 2.36.540470 (e522d04694c7eb..., userDataDir: C:\Users\jayge\AppData\Loca...}, cssSelectorsEnabled: true, databaseEnabled: false, handlesAlerts: true, hasTouchScreen: false, javascriptEnabled: true, locationContextEnabled: true, mobileEmulationEnabled: false, nativeEvents: true, networkConnectionEnabled: false, pageLoadStrategy: normal, platform: XP, platformName: XP, rotatable: false, setWindowRect: true, takesHeapSnapshot: true, takesScreenshot: true, unexpectedAlertBehaviour: , unhandledPromptBehavior: , version: 71.0.3578.98, webStorageEnabled: true}
Session ID: dc21b856322edec716795df4299fd80c
	at sun.reflect.NativeConstructorAccessorImpl.newInstance0(Native Method)
	at sun.reflect.NativeConstructorAccessorImpl.newInstance(NativeConstructorAccessorImpl.java:62)
	at sun.reflect.DelegatingConstructorAccessorImpl.newInstance(DelegatingConstructorAccessorImpl.java:45)
	at java.lang.reflect.Constructor.newInstance(Constructor.java:423)
	at org.openqa.selenium.remote.ErrorHandler.createThrowable(ErrorHandler.java:214)
	at org.openqa.selenium.remote.ErrorHandler.throwIfResponseFailed(ErrorHandler.java:166)
	at org.openqa.selenium.remote.http.JsonHttpResponseCodec.reconstructValue(JsonHttpResponseCodec.java:40)
	at org.openqa.selenium.remote.http.AbstractHttpResponseCodec.decode(AbstractHttpResponseCodec.java:80)
	at org.openqa.selenium.remote.http.AbstractHttpResponseCodec.decode(AbstractHttpResponseCodec.java:44)
	at org.openqa.selenium.remote.HttpCommandExecutor.execute(HttpCommandExecutor.java:158)
	at org.openqa.selenium.remote.service.DriverCommandExecutor.execute(DriverCommandExecutor.java:83)
	at org.openqa.selenium.remote.RemoteWebDriver.execute(RemoteWebDriver.java:552)
	at org.openqa.selenium.remote.RemoteWebElement.execute(RemoteWebElement.java:285)
	at org.openqa.selenium.remote.RemoteWebElement.click(RemoteWebElement.java:84)
	at com.qa.pages.HomePage.goToMyADRPage(HomePage.java:56)
	at com.qa.testcases.SanityBrokerTest.verifyGoToMyADRPage(SanityBrokerTest.java:96)
	at sun.reflect.NativeMethodAccessorImpl.invoke0(Native Method)
	at sun.reflect.NativeMethodAccessorImpl.invoke(NativeMethodAccessorImpl.java:62)
	at sun.reflect.DelegatingMethodAccessorImpl.invoke(DelegatingMethodAccessorImpl.java:43)
	at java.lang.reflect.Method.invoke(Method.java:498)
	at org.testng.internal.MethodInvocationHelper.invokeMethod(MethodInvocationHelper.java:80)
	at org.testng.internal.Invoker.invokeMethod(Invoker.java:714)
	at org.testng.internal.Invoker.invokeTestMethod(Invoker.java:901)
	at org.testng.internal.Invoker.invokeTestMethods(Invoker.java:1231)
	at org.testng.internal.TestMethodWorker.invokeTestMethods(TestMethodWorker.java:127)
	at org.testng.internal.TestMethodWorker.run(TestMethodWorker.java:111)
	at org.testng.TestRunner.privateRun(TestRunner.java:767)
	at org.testng.TestRunner.run(TestRunner.java:617)
	at org.testng.SuiteRunner.runTest(SuiteRunner.java:334)
	at org.testng.SuiteRunner.runSequentially(SuiteRunner.java:329)
	at org.testng.SuiteRunner.privateRun(SuiteRunner.java:291)
	at org.testng.SuiteRunner.run(SuiteRunner.java:240)
	at org.testng.SuiteRunnerWorker.runSuite(SuiteRunnerWorker.java:52)
	at org.testng.SuiteRunnerWorker.run(SuiteRunnerWorker.java:86)
	at org.testng.TestNG.runSuitesSequentially(TestNG.java:1198)
	at org.testng.TestNG.runSuitesLocally(TestNG.java:1123)
	at org.testng.TestNG.run(TestNG.java:1031)
	at org.testng.remote.AbstractRemoteTestNG.run(AbstractRemoteTestNG.java:114)
	at org.testng.remote.RemoteTestNG.initAndRun(RemoteTestNG.java:251)
	at org.testng.remote.RemoteTestNG.main(RemoteTestNG.java:77)
</pre></div></td>
<td>0</td>
<td>com.qa.testcases.SanityBrokerTest@56ef9176</td></tr>
</table><p>
<table width='100%' border='1' class='invocation-passed'>
<tr><td colspan='4' align='center'><b>PASSED TESTS</b></td></tr>
<tr><td><b>Test method</b></td>
<td width="30%"><b>Exception</b></td>
<td width="10%"><b>Time (seconds)</b></td>
<td><b>Instance</b></td>
</tr>
<tr>
<td title='com.qa.testcases.SanityBrokerTest.verifyBrokerDashboard()'><b>verifyBrokerDashboard</b><br>Test class: com.qa.testcases.SanityBrokerTest</td>
<td></td>
<td>5</td>
<td>com.qa.testcases.SanityBrokerTest@56ef9176</td></tr>
<tr>
<td title='com.qa.testcases.SanityBrokerTest.verifyBrokerListings_AllListingsPage()'><b>verifyBrokerListings_AllListingsPage</b><br>Test class: com.qa.testcases.SanityBrokerTest</td>
<td></td>
<td>15</td>
<td>com.qa.testcases.SanityBrokerTest@56ef9176</td></tr>
<tr>
<td title='com.qa.testcases.SanityBrokerTest.verifyBrokerListings_ArchivedListingsPage()'><b>verifyBrokerListings_ArchivedListingsPage</b><br>Test class: com.qa.testcases.SanityBrokerTest</td>
<td></td>
<td>4</td>
<td>com.qa.testcases.SanityBrokerTest@56ef9176</td></tr>
<tr>
<td title='com.qa.testcases.SanityBrokerTest.verifyBrokerListings_CommingSoonPage()'><b>verifyBrokerListings_CommingSoonPage</b><br>Test class: com.qa.testcases.SanityBrokerTest</td>
<td></td>
<td>4</td>
<td>com.qa.testcases.SanityBrokerTest@56ef9176</td></tr>
<tr>
<td title='com.qa.testcases.SanityBrokerTest.verifyBrokerListings_MyDealsPage()'><b>verifyBrokerListings_MyDealsPage</b><br>Test class: com.qa.testcases.SanityBrokerTest</td>
<td></td>
<td>7</td>
<td>com.qa.testcases.SanityBrokerTest@56ef9176</td></tr>
<tr>
<td title='com.qa.testcases.SanityBrokerTest.verifyBrokerListings_SubmitBuyerUC()'><b>verifyBrokerListings_SubmitBuyerUC</b><br>Test class: com.qa.testcases.SanityBrokerTest</td>
<td></td>
<td>6</td>
<td>com.qa.testcases.SanityBrokerTest@56ef9176</td></tr>
<tr>
<td title='com.qa.testcases.SanityBrokerTest.verifyBrokerListings_SubmitLS1()'><b>verifyBrokerListings_SubmitLS1</b><br>Test class: com.qa.testcases.SanityBrokerTest</td>
<td></td>
<td>11</td>
<td>com.qa.testcases.SanityBrokerTest@56ef9176</td></tr>
<tr>
<td title='com.qa.testcases.SanityBrokerTest.verifyGoToOpenHousesSchedulePage()'><b>verifyGoToOpenHousesSchedulePage</b><br>Test class: com.qa.testcases.SanityBrokerTest</td>
<td></td>
<td>11</td>
<td>com.qa.testcases.SanityBrokerTest@56ef9176</td></tr>
<tr>
<td title='com.qa.testcases.SanityBrokerTest.verifyLinks()'><b>verifyLinks</b><br>Test class: com.qa.testcases.SanityBrokerTest</td>
<td></td>
<td>0</td>
<td>com.qa.testcases.SanityBrokerTest@56ef9176</td></tr>
<tr>
<td title='com.qa.testcases.SanityBrokerTest.verifyLogin()'><b>verifyLogin</b><br>Test class: com.qa.testcases.SanityBrokerTest</td>
<td></td>
<td>19</td>
<td>com.qa.testcases.SanityBrokerTest@56ef9176</td></tr>
<tr>
<td title='com.qa.testcases.SanityBrokerTest.verifyLoginAsBroker1()'><b>verifyLoginAsBroker1</b><br>Test class: com.qa.testcases.SanityBrokerTest</td>
<td></td>
<td>12</td>
<td>com.qa.testcases.SanityBrokerTest@56ef9176</td></tr>
<tr>
<td title='com.qa.testcases.SanityBrokerTest.verifyMyFeedbackPage()'><b>verifyMyFeedbackPage</b><br>Test class: com.qa.testcases.SanityBrokerTest</td>
<td></td>
<td>4</td>
<td>com.qa.testcases.SanityBrokerTest@56ef9176</td></tr>
<tr>
<td title='com.qa.testcases.SanityBrokerTest.verifyMyReportADRPage()'><b>verifyMyReportADRPage</b><br>Test class: com.qa.testcases.SanityBrokerTest</td>
<td></td>
<td>19</td>
<td>com.qa.testcases.SanityBrokerTest@56ef9176</td></tr>
<tr>
<td title='com.qa.testcases.SanityBrokerTest.verifyPendingFeedbackPage()'><b>verifyPendingFeedbackPage</b><br>Test class: com.qa.testcases.SanityBrokerTest</td>
<td></td>
<td>4</td>
<td>com.qa.testcases.SanityBrokerTest@56ef9176</td></tr>
</table><p>
</body>
</html>